<?xml version="1.0" encoding="UTF-8"?>
<!-- Generated by org.testng.reporters.JUnitReportReporter -->
<testsuite hostname="DESKTOP-O2A86F5" failures="0" tests="1" name="POM_Schnieder.Assignment_Graas.testclass" time="134.350" errors="0" timestamp="2022-11-07T21:07:58 IST" skipped="0">
  <testcase classname="POM_Schnieder.Assignment_Graas.testclass" name="clickonproduct" time="134.350"/>
  <system-out/>
</testsuite> <!-- POM_Schnieder.Assignment_Graas.testclass -->
